<?xml version='1.0' encoding='UTF-8'?>
<testsuite hostname="DESKTOP-2K2VH63" name="BlockGemmTest" tests="1" errors="0" failures="0" skipped="0" time="29.172" timestamp="2024-10-24T00:15:02">
          <properties>
      <property name="java.specification.version" value="21"/><property name="sun.cpu.isalist" value="amd64"/><property name="sun.jnu.encoding" value="Cp1252"/><property name="sun.arch.data.model" value="64"/><property name="java.vendor.url" value="https://adoptium.net/"/><property name="sun.boot.library.path" value="C:\Program Files\Eclipse Adoptium\jdk-21.0.4.7-hotspot\bin"/><property name="sun.java.command" value="xsbt.boot.Boot test"/><property name="jdk.debug" value="release"/><property name="java.specification.vendor" value="Oracle Corporation"/><property name="java.version.date" value="2024-07-16"/><property name="java.home" value="C:\Program Files\Eclipse Adoptium\jdk-21.0.4.7-hotspot"/><property name="file.separator" value="\"/><property name="java.vm.compressedOopsMode" value="32-bit"/><property name="line.separator" value="
"/><property name="java.vm.specification.vendor" value="Oracle Corporation"/><property name="java.specification.name" value="Java Platform API Specification"/><property name="user.script" value=""/><property name="sun.management.compiler" value="HotSpot 64-Bit Tiered Compilers"/><property name="java.runtime.version" value="21.0.4+7-LTS"/><property name="user.name" value="Carlos Cerdas Mora"/><property name="log4j.ignoreTCL" value="true"/><property name="file.encoding" value="UTF-8"/><property name="jnidispatch.path" value="C:\Users\CARLOS~1\AppData\Local\Temp\jna-753971943\jna12738025716189006407.dll"/><property name="java.vendor.version" value="Temurin-21.0.4+7"/><property name="jna.loaded" value="true"/><property name="java.io.tmpdir" value="C:\Users\CARLOS~1\AppData\Local\Temp\"/><property name="java.version" value="21.0.4"/><property name="java.vm.specification.name" value="Java Virtual Machine Specification"/><property name="sun.os.patch.level" value=""/><property name="native.encoding" value="Cp1252"/><property name="java.library.path" value="C:\Program Files\Eclipse Adoptium\jdk-21.0.4.7-hotspot\bin;C:\WINDOWS\Sun\Java\bin;C:\WINDOWS\system32;C:\WINDOWS;C:\Program Files\Eclipse Adoptium\jdk-21.0.4.7-hotspot\bin;C:\Program Files\Python311\Scripts\;C:\Program Files\Python311\;C:\Program Files (x86)\Common Files\Oracle\Java\javapath;C:\WINDOWS\system32;C:\WINDOWS;C:\WINDOWS\System32\Wbem;C:\WINDOWS\System32\WindowsPowerShell\v1.0\;C:\WINDOWS\System32\OpenSSH\;C:\Program Files\dotnet\;C:\Program Files\Git\cmd;C:\Program Files (x86)\sbt\bin;C:\ProgramData\chocolatey\bin;C:\Users\Carlos Cerdas Mora\AppData\Local\Microsoft\WindowsApps;C:\Users\Carlos Cerdas Mora\AppData\Local\Programs\Microsoft VS Code\bin;C:\Xilinx\Vivado\2019.1\bin;C:\Xilinx\Vivado\2019.1\lib\win64.o;."/><property name="stderr.encoding" value="cp850"/><property name="java.vendor" value="Eclipse Adoptium"/><property name="scala.ext.dirs" value="C:\Users\Carlos Cerdas Mora\.sbt\1.0\java9-rt-ext-eclipse_adoptium_21_0_4"/><property name="sun.io.unicode.encoding" value="UnicodeLittle"/><property name="java.class.path" value="C:\Program Files (x86)\sbt\\bin\sbt-launch.jar"/><property name="java.vm.vendor" value="Eclipse Adoptium"/><property name="user.variant" value=""/><property name="jline.shutdownhook" value="false"/><property name="user.timezone" value="America/Costa_Rica"/><property name="java.vm.specification.version" value="21"/><property name="os.name" value="Windows 11"/><property name="sun.java.launcher" value="SUN_STANDARD"/><property name="user.country" value="ES"/><property name="sun.cpu.endian" value="little"/><property name="user.home" value="C:\Users\Carlos Cerdas Mora"/><property name="user.language" value="es"/><property name="sbt.ipcsocket.tmpdir" value="C:\Users\CARLOS~1\AppData\Local\Temp\.sbt943c6bbe\ipcsocket"/><property name="swoval.tmpdir" value="C:\Users\CARLOS~1\AppData\Local\Temp\.sbt943c6bbe\swoval"/><property name="jline.esc.timeout" value="0"/><property name="stdout.encoding" value="cp850"/><property name="path.separator" value=";"/><property name="os.version" value="10.0"/><property name="jna.nosys" value="true"/><property name="java.runtime.name" value="OpenJDK Runtime Environment"/><property name="java.vm.name" value="OpenJDK 64-Bit Server VM"/><property name="java.vendor.url.bug" value="https://github.com/adoptium/adoptium-support/issues"/><property name="user.dir" value="C:\TFG\snax_cluster_aproximate\hw\chisel_acc"/><property name="os.arch" value="amd64"/><property name="java.vm.info" value="mixed mode, sharing"/><property name="java.vm.version" value="21.0.4+7-LTS"/><property name="java.class.version" value="65.0"/>
    </properties>
          <testcase classname="BlockGemmTest" name="BlockGemm should process input data correctly with 2x2 matrix" time="29.172">
                      
                    </testcase>
          <system-out><![CDATA[]]></system-out>
          <system-err><![CDATA[]]></system-err>
        </testsuite>